[NX Daemon Server] - 2024-05-02T12:02:44.198Z - Started listening on: /var/folders/1x/d5jckk514vdd8mlmzjd07rrc0000gn/T/aefa6533aced2e830672/d.sock
[NX Daemon Server] - 2024-05-02T12:02:44.199Z - [WATCHER]: Subscribed to changes within: /Users/patryklanger/projects/events-project (native)
[NX Daemon Server] - 2024-05-02T12:02:44.200Z - Established a connection. Number of open connections: 1
[NX Daemon Server] - 2024-05-02T12:02:44.200Z - Established a connection. Number of open connections: 2
[NX Daemon Server] - 2024-05-02T12:02:44.201Z - [REQUEST]: Client Request for Project Graph Received
[NX Daemon Server] - 2024-05-02T12:02:44.221Z - [REQUEST]: Updated workspace context based on watched changes, recomputing project graph...
[NX Daemon Server] - 2024-05-02T12:02:44.221Z - [REQUEST]: 
[NX Daemon Server] - 2024-05-02T12:02:44.221Z - [REQUEST]: 
[NX Daemon Server] - 2024-05-02T12:02:44.246Z - [REQUEST]: Responding to the client. project-graph
[NX Daemon Server] - 2024-05-02T12:02:44.247Z - Time taken for 'total for creating and serializing project graph' 44.95416700839996ms
[NX Daemon Server] - 2024-05-02T12:02:44.247Z - Closed a connection. Number of open connections: 1
[NX Daemon Server] - 2024-05-02T12:02:44.248Z - Done responding to the client project-graph
[NX Daemon Server] - 2024-05-02T12:02:44.248Z - Handled REQUEST_PROJECT_GRAPH. Handling time: 45. Response time: 2.
[NX Daemon Server] - 2024-05-02T12:02:44.250Z - [REQUEST]: Client Request for Project Graph Received
[NX Daemon Server] - 2024-05-02T12:02:44.251Z - [REQUEST]: Responding to the client. project-graph
[NX Daemon Server] - 2024-05-02T12:02:44.251Z - Time taken for 'total for creating and serializing project graph' 0.44325000047683716ms
[NX Daemon Server] - 2024-05-02T12:02:44.252Z - Done responding to the client project-graph
[NX Daemon Server] - 2024-05-02T12:02:44.252Z - Handled REQUEST_PROJECT_GRAPH. Handling time: 1. Response time: 1.
[NX Daemon Server] - 2024-05-02T12:02:44.254Z - Established a connection. Number of open connections: 2
[NX Daemon Server] - 2024-05-02T12:46:21.583Z - [WATCHER]: src/app/events/form/events-form.component.html was modified
[NX Daemon Server] - 2024-05-02T12:46:21.593Z - [REQUEST]: Responding to the client. File watch changed
[NX Daemon Server] - 2024-05-02T12:46:21.593Z - Done responding to the client File watch changed
[NX Daemon Server] - 2024-05-02T12:46:21.593Z - Handled FILE-WATCH-CHANGED. Handling time: 0. Response time: 0.
[NX Daemon Server] - 2024-05-02T12:46:21.593Z - [WATCHER]: Processing file changes in outputs
[NX Daemon Server] - 2024-05-02T12:46:21.593Z - Time taken for 'changed-projects' 0.26820898056030273ms
[NX Daemon Server] - 2024-05-02T12:46:21.944Z - [REQUEST]: Updated workspace context based on watched changes, recomputing project graph...
[NX Daemon Server] - 2024-05-02T12:46:21.944Z - [REQUEST]: src/app/events/form/events-form.component.html
[NX Daemon Server] - 2024-05-02T12:46:21.944Z - [REQUEST]: 
[NX Daemon Server] - 2024-05-02T12:46:24.436Z - [WATCHER]: .eslintrc.json was modified
[NX Daemon Server] - 2024-05-02T12:46:24.436Z - [REQUEST]: Responding to the client. File watch changed
[NX Daemon Server] - 2024-05-02T12:46:24.436Z - Done responding to the client File watch changed
[NX Daemon Server] - 2024-05-02T12:46:24.436Z - Handled FILE-WATCH-CHANGED. Handling time: 0. Response time: 0.
[NX Daemon Server] - 2024-05-02T12:46:24.436Z - [WATCHER]: Processing file changes in outputs
[NX Daemon Server] - 2024-05-02T12:46:24.437Z - Time taken for 'Load Nx Plugin: /Users/patryklanger/projects/events-project/node_modules/nx/src/plugins/project-json/build-nodes/package-json-next-to-project-json' 0.36583399772644043ms
[NX Daemon Server] - 2024-05-02T12:46:24.821Z - [REQUEST]: Updated workspace context based on watched changes, recomputing project graph...
[NX Daemon Server] - 2024-05-02T12:46:24.822Z - [REQUEST]: .eslintrc.json
[NX Daemon Server] - 2024-05-02T12:46:24.822Z - [REQUEST]: 
[NX Daemon Server] - 2024-05-02T12:46:26.817Z - Time taken for 'Load Nx Plugin: /Users/patryklanger/projects/events-project/node_modules/nx/src/plugins/project-json/build-nodes/package-json-next-to-project-json' 0.3407500386238098ms
